<?xml version="1.0" encoding="UTF-8"?>
<testsuite name="PlayDemo.AppTest" tests="1" skipped="0" failures="1" errors="0" timestamp="2022-06-30T16:17:57" hostname="MPOLLOCK" time="24.76">
  <properties/>
  <testcase name="testPageContent()" classname="PlayDemo.AppTest" time="24.76">
    <failure message="com.microsoft.playwright.PlaywrightException: Error {&#10;  message='net::ERR_CONNECTION_TIMED_OUT at http://172.17.0.2:8080/&#10;=========================== logs ===========================&#10;navigating to &quot;http://172.17.0.2:8080/&quot;, waiting until &quot;load&quot;&#10;============================================================&#10;  name='Error&#10;  stack='Error: net::ERR_CONNECTION_TIMED_OUT at http://172.17.0.2:8080/&#10;=========================== logs ===========================&#10;navigating to &quot;http://172.17.0.2:8080/&quot;, waiting until &quot;load&quot;&#10;============================================================&#10;    at FrameSession._navigate (C:\Users\MIKEPO~1\AppData\Local\Temp\playwright-java-9368317933110453523\package\lib\server\chromium\crPage.js:636:35)&#10;    at async C:\Users\MIKEPO~1\AppData\Local\Temp\playwright-java-9368317933110453523\package\lib\server\frames.js:648:30&#10;    at async ProgressController.run (C:\Users\MIKEPO~1\AppData\Local\Temp\playwright-java-9368317933110453523\package\lib\server\progress.js:101:22)&#10;    at async FrameDispatcher.goto (C:\Users\MIKEPO~1\AppData\Local\Temp\playwright-java-9368317933110453523\package\lib\server\dispatchers\frameDispatcher.js:86:59)&#10;    at async DispatcherConnection.dispatch (C:\Users\MIKEPO~1\AppData\Local\Temp\playwright-java-9368317933110453523\package\lib\server\dispatchers\dispatcher.js:352:22)&#10;}" type="com.microsoft.playwright.PlaywrightException">com.microsoft.playwright.PlaywrightException: Error {
  message='net::ERR_CONNECTION_TIMED_OUT at http://172.17.0.2:8080/
=========================== logs ===========================
navigating to &quot;http://172.17.0.2:8080/&quot;, waiting until &quot;load&quot;
============================================================
  name='Error
  stack='Error: net::ERR_CONNECTION_TIMED_OUT at http://172.17.0.2:8080/
=========================== logs ===========================
navigating to &quot;http://172.17.0.2:8080/&quot;, waiting until &quot;load&quot;
============================================================
    at FrameSession._navigate (C:\Users\MIKEPO~1\AppData\Local\Temp\playwright-java-9368317933110453523\package\lib\server\chromium\crPage.js:636:35)
    at async C:\Users\MIKEPO~1\AppData\Local\Temp\playwright-java-9368317933110453523\package\lib\server\frames.js:648:30
    at async ProgressController.run (C:\Users\MIKEPO~1\AppData\Local\Temp\playwright-java-9368317933110453523\package\lib\server\progress.js:101:22)
    at async FrameDispatcher.goto (C:\Users\MIKEPO~1\AppData\Local\Temp\playwright-java-9368317933110453523\package\lib\server\dispatchers\frameDispatcher.js:86:59)
    at async DispatcherConnection.dispatch (C:\Users\MIKEPO~1\AppData\Local\Temp\playwright-java-9368317933110453523\package\lib\server\dispatchers\dispatcher.js:352:22)
}
	at app//com.microsoft.playwright.impl.WaitableResult.get(WaitableResult.java:54)
	at app//com.microsoft.playwright.impl.ChannelOwner.runUntil(ChannelOwner.java:103)
	at app//com.microsoft.playwright.impl.Connection.sendMessage(Connection.java:105)
	at app//com.microsoft.playwright.impl.ChannelOwner.sendMessage(ChannelOwner.java:94)
	at app//com.microsoft.playwright.impl.FrameImpl.navigateImpl(FrameImpl.java:402)
	at app//com.microsoft.playwright.impl.PageImpl.lambda$navigate$32(PageImpl.java:803)
	at app//com.microsoft.playwright.impl.LoggingSupport.withLogging(LoggingSupport.java:47)
	at app//com.microsoft.playwright.impl.ChannelOwner.withLogging(ChannelOwner.java:79)
	at app//com.microsoft.playwright.impl.PageImpl.navigate(PageImpl.java:803)
	at app//com.microsoft.playwright.impl.PageImpl.navigate(PageImpl.java:41)
	at app//com.microsoft.playwright.Page.navigate(Page.java:4233)
	at app//PlayDemo.AppTest.testPageContent(AppTest.java:47)
	at java.base@11.0.15/jdk.internal.reflect.NativeMethodAccessorImpl.invoke0(Native Method)
	at java.base@11.0.15/jdk.internal.reflect.NativeMethodAccessorImpl.invoke(NativeMethodAccessorImpl.java:62)
	at java.base@11.0.15/jdk.internal.reflect.DelegatingMethodAccessorImpl.invoke(DelegatingMethodAccessorImpl.java:43)
	at java.base@11.0.15/java.lang.reflect.Method.invoke(Method.java:566)
	at app//org.junit.platform.commons.util.ReflectionUtils.invokeMethod(ReflectionUtils.java:725)
	at app//org.junit.jupiter.engine.execution.MethodInvocation.proceed(MethodInvocation.java:60)
	at app//org.junit.jupiter.engine.execution.InvocationInterceptorChain$ValidatingInvocation.proceed(InvocationInterceptorChain.java:131)
	at app//org.junit.jupiter.engine.extension.TimeoutExtension.intercept(TimeoutExtension.java:149)
	at app//org.junit.jupiter.engine.extension.TimeoutExtension.interceptTestableMethod(TimeoutExtension.java:140)
	at app//org.junit.jupiter.engine.extension.TimeoutExtension.interceptTestMethod(TimeoutExtension.java:84)
	at app//org.junit.jupiter.engine.execution.ExecutableInvoker$ReflectiveInterceptorCall.lambda$ofVoidMethod$0(ExecutableInvoker.java:115)
	at app//org.junit.jupiter.engine.execution.ExecutableInvoker.lambda$invoke$0(ExecutableInvoker.java:105)
	at app//org.junit.jupiter.engine.execution.InvocationInterceptorChain$InterceptedInvocation.proceed(InvocationInterceptorChain.java:106)
	at app//org.junit.jupiter.engine.execution.InvocationInterceptorChain.proceed(InvocationInterceptorChain.java:64)
	at app//org.junit.jupiter.engine.execution.InvocationInterceptorChain.chainAndInvoke(InvocationInterceptorChain.java:45)
	at app//org.junit.jupiter.engine.execution.InvocationInterceptorChain.invoke(InvocationInterceptorChain.java:37)
	at app//org.junit.jupiter.engine.execution.ExecutableInvoker.invoke(ExecutableInvoker.java:104)
	at app//org.junit.jupiter.engine.execution.ExecutableInvoker.invoke(ExecutableInvoker.java:98)
	at app//org.junit.jupiter.engine.descriptor.TestMethodTestDescriptor.lambda$invokeTestMethod$7(TestMethodTestDescriptor.java:214)
	at app//org.junit.platform.engine.support.hierarchical.ThrowableCollector.execute(ThrowableCollector.java:73)
	at app//org.junit.jupiter.engine.descriptor.TestMethodTestDescriptor.invokeTestMethod(TestMethodTestDescriptor.java:210)
	at app//org.junit.jupiter.engine.descriptor.TestMethodTestDescriptor.execute(TestMethodTestDescriptor.java:135)
	at app//org.junit.jupiter.engine.descriptor.TestMethodTestDescriptor.execute(TestMethodTestDescriptor.java:66)
	at app//org.junit.platform.engine.support.hierarchical.NodeTestTask.lambda$executeRecursively$6(NodeTestTask.java:151)
	at app//org.junit.platform.engine.support.hierarchical.ThrowableCollector.execute(ThrowableCollector.java:73)
	at app//org.junit.platform.engine.support.hierarchical.NodeTestTask.lambda$executeRecursively$8(NodeTestTask.java:141)
	at app//org.junit.platform.engine.support.hierarchical.Node.around(Node.java:137)
	at app//org.junit.platform.engine.support.hierarchical.NodeTestTask.lambda$executeRecursively$9(NodeTestTask.java:139)
	at app//org.junit.platform.engine.support.hierarchical.ThrowableCollector.execute(ThrowableCollector.java:73)
	at app//org.junit.platform.engine.support.hierarchical.NodeTestTask.executeRecursively(NodeTestTask.java:138)
	at app//org.junit.platform.engine.support.hierarchical.NodeTestTask.execute(NodeTestTask.java:95)
	at java.base@11.0.15/java.util.ArrayList.forEach(ArrayList.java:1541)
	at app//org.junit.platform.engine.support.hierarchical.SameThreadHierarchicalTestExecutorService.invokeAll(SameThreadHierarchicalTestExecutorService.java:41)
	at app//org.junit.platform.engine.support.hierarchical.NodeTestTask.lambda$executeRecursively$6(NodeTestTask.java:155)
	at app//org.junit.platform.engine.support.hierarchical.ThrowableCollector.execute(ThrowableCollector.java:73)
	at app//org.junit.platform.engine.support.hierarchical.NodeTestTask.lambda$executeRecursively$8(NodeTestTask.java:141)
	at app//org.junit.platform.engine.support.hierarchical.Node.around(Node.java:137)
	at app//org.junit.platform.engine.support.hierarchical.NodeTestTask.lambda$executeRecursively$9(NodeTestTask.java:139)
	at app//org.junit.platform.engine.support.hierarchical.ThrowableCollector.execute(ThrowableCollector.java:73)
	at app//org.junit.platform.engine.support.hierarchical.NodeTestTask.executeRecursively(NodeTestTask.java:138)
	at app//org.junit.platform.engine.support.hierarchical.NodeTestTask.execute(NodeTestTask.java:95)
	at java.base@11.0.15/java.util.ArrayList.forEach(ArrayList.java:1541)
	at app//org.junit.platform.engine.support.hierarchical.SameThreadHierarchicalTestExecutorService.invokeAll(SameThreadHierarchicalTestExecutorService.java:41)
	at app//org.junit.platform.engine.support.hierarchical.NodeTestTask.lambda$executeRecursively$6(NodeTestTask.java:155)
	at app//org.junit.platform.engine.support.hierarchical.ThrowableCollector.execute(ThrowableCollector.java:73)
	at app//org.junit.platform.engine.support.hierarchical.NodeTestTask.lambda$executeRecursively$8(NodeTestTask.java:141)
	at app//org.junit.platform.engine.support.hierarchical.Node.around(Node.java:137)
	at app//org.junit.platform.engine.support.hierarchical.NodeTestTask.lambda$executeRecursively$9(NodeTestTask.java:139)
	at app//org.junit.platform.engine.support.hierarchical.ThrowableCollector.execute(ThrowableCollector.java:73)
	at app//org.junit.platform.engine.support.hierarchical.NodeTestTask.executeRecursively(NodeTestTask.java:138)
	at app//org.junit.platform.engine.support.hierarchical.NodeTestTask.execute(NodeTestTask.java:95)
	at app//org.junit.platform.engine.support.hierarchical.SameThreadHierarchicalTestExecutorService.submit(SameThreadHierarchicalTestExecutorService.java:35)
	at app//org.junit.platform.engine.support.hierarchical.HierarchicalTestExecutor.execute(HierarchicalTestExecutor.java:57)
	at app//org.junit.platform.engine.support.hierarchical.HierarchicalTestEngine.execute(HierarchicalTestEngine.java:54)
	at org.junit.platform.launcher.core.EngineExecutionOrchestrator.execute(EngineExecutionOrchestrator.java:108)
	at org.junit.platform.launcher.core.EngineExecutionOrchestrator.execute(EngineExecutionOrchestrator.java:88)
	at org.junit.platform.launcher.core.EngineExecutionOrchestrator.lambda$execute$0(EngineExecutionOrchestrator.java:54)
	at org.junit.platform.launcher.core.EngineExecutionOrchestrator.withInterceptedStreams(EngineExecutionOrchestrator.java:67)
	at org.junit.platform.launcher.core.EngineExecutionOrchestrator.execute(EngineExecutionOrchestrator.java:52)
	at org.junit.platform.launcher.core.DefaultLauncher.execute(DefaultLauncher.java:96)
	at org.junit.platform.launcher.core.DefaultLauncher.execute(DefaultLauncher.java:75)
	at org.gradle.api.internal.tasks.testing.junitplatform.JUnitPlatformTestClassProcessor$CollectAllTestClassesExecutor.processAllTestClasses(JUnitPlatformTestClassProcessor.java:99)
	at org.gradle.api.internal.tasks.testing.junitplatform.JUnitPlatformTestClassProcessor$CollectAllTestClassesExecutor.access$000(JUnitPlatformTestClassProcessor.java:79)
	at org.gradle.api.internal.tasks.testing.junitplatform.JUnitPlatformTestClassProcessor.stop(JUnitPlatformTestClassProcessor.java:75)
	at org.gradle.api.internal.tasks.testing.SuiteTestClassProcessor.stop(SuiteTestClassProcessor.java:61)
	at java.base@11.0.15/jdk.internal.reflect.NativeMethodAccessorImpl.invoke0(Native Method)
	at java.base@11.0.15/jdk.internal.reflect.NativeMethodAccessorImpl.invoke(NativeMethodAccessorImpl.java:62)
	at java.base@11.0.15/jdk.internal.reflect.DelegatingMethodAccessorImpl.invoke(DelegatingMethodAccessorImpl.java:43)
	at java.base@11.0.15/java.lang.reflect.Method.invoke(Method.java:566)
	at org.gradle.internal.dispatch.ReflectionDispatch.dispatch(ReflectionDispatch.java:36)
	at org.gradle.internal.dispatch.ReflectionDispatch.dispatch(ReflectionDispatch.java:24)
	at org.gradle.internal.dispatch.ContextClassLoaderDispatch.dispatch(ContextClassLoaderDispatch.java:33)
	at org.gradle.internal.dispatch.ProxyDispatchAdapter$DispatchingInvocationHandler.invoke(ProxyDispatchAdapter.java:94)
	at com.sun.proxy.$Proxy2.stop(Unknown Source)
	at org.gradle.api.internal.tasks.testing.worker.TestWorker$3.run(TestWorker.java:193)
	at org.gradle.api.internal.tasks.testing.worker.TestWorker.executeAndMaintainThreadName(TestWorker.java:129)
	at org.gradle.api.internal.tasks.testing.worker.TestWorker.execute(TestWorker.java:100)
	at org.gradle.api.internal.tasks.testing.worker.TestWorker.execute(TestWorker.java:60)
	at org.gradle.process.internal.worker.child.ActionExecutionWorker.execute(ActionExecutionWorker.java:56)
	at org.gradle.process.internal.worker.child.SystemApplicationClassLoaderWorker.call(SystemApplicationClassLoaderWorker.java:133)
	at org.gradle.process.internal.worker.child.SystemApplicationClassLoaderWorker.call(SystemApplicationClassLoaderWorker.java:71)
	at app//worker.org.gradle.process.internal.worker.GradleWorkerMain.run(GradleWorkerMain.java:69)
	at app//worker.org.gradle.process.internal.worker.GradleWorkerMain.main(GradleWorkerMain.java:74)
Caused by: com.microsoft.playwright.impl.DriverException: Error {
  message='net::ERR_CONNECTION_TIMED_OUT at http://172.17.0.2:8080/
=========================== logs ===========================
navigating to &quot;http://172.17.0.2:8080/&quot;, waiting until &quot;load&quot;
============================================================
  name='Error
  stack='Error: net::ERR_CONNECTION_TIMED_OUT at http://172.17.0.2:8080/
=========================== logs ===========================
navigating to &quot;http://172.17.0.2:8080/&quot;, waiting until &quot;load&quot;
============================================================
    at FrameSession._navigate (C:\Users\MIKEPO~1\AppData\Local\Temp\playwright-java-9368317933110453523\package\lib\server\chromium\crPage.js:636:35)
    at async C:\Users\MIKEPO~1\AppData\Local\Temp\playwright-java-9368317933110453523\package\lib\server\frames.js:648:30
    at async ProgressController.run (C:\Users\MIKEPO~1\AppData\Local\Temp\playwright-java-9368317933110453523\package\lib\server\progress.js:101:22)
    at async FrameDispatcher.goto (C:\Users\MIKEPO~1\AppData\Local\Temp\playwright-java-9368317933110453523\package\lib\server\dispatchers\frameDispatcher.js:86:59)
    at async DispatcherConnection.dispatch (C:\Users\MIKEPO~1\AppData\Local\Temp\playwright-java-9368317933110453523\package\lib\server\dispatchers\dispatcher.js:352:22)
}
	at app//com.microsoft.playwright.impl.Connection.dispatch(Connection.java:183)
	at app//com.microsoft.playwright.impl.Connection.processOneMessage(Connection.java:163)
	at app//com.microsoft.playwright.impl.ChannelOwner.runUntil(ChannelOwner.java:101)
	... 93 more
</failure>
  </testcase>
  <system-out><![CDATA[]]></system-out>
  <system-err><![CDATA[]]></system-err>
</testsuite>
